0 info it worked if it ends with ok
1 verbose cli [ '/usr/local/bin/node', '/usr/local/bin/npm', 'run', 'deploy' ]
2 info using npm@3.10.10
3 info using node@v6.9.4
4 verbose run-script [ 'predeploy', 'deploy', 'postdeploy' ]
5 info lifecycle @~predeploy: @
6 silly lifecycle @~predeploy: no script for predeploy, continuing
7 info lifecycle @~deploy: @
8 verbose lifecycle @~deploy: unsafe-perm in lifecycle true
9 verbose lifecycle @~deploy: PATH: /usr/local/lib/node_modules/npm/bin/node-gyp-bin:/Users/michael/Box Sync/Penn/MES/700-006-Procedural-Gfx-Spr-2017/final_project/milestone-submission/FinalProject/node_modules/.bin:/Users/michael/anaconda/bin:/opt/intel/Compiler/11.1/046/bin/ia32:/opt/intel/Compiler/11.1/046/bin:/usr/local/bin:/usr/bin:/bin:/usr/sbin:/sbin:/opt/X11/bin:/Users/michael/PICSL-Dev/code/bin/ANTS-SVN/:/Users/michael/PICSL-Dev/code/bin/ANTS-SVN/buildDebug/bin:/Users/michael/PICSL-Dev/bin:/usr/local/texlive/2009/bin/universal-darwin:/Users/michael/PICSL-Dev/code/bin/git-ants/UserTools/:/Users/michael/PICSL-Dev/code/bin/git-ants/Code/Testing/:/usr/local/git/bin:/Applications/Utilities/ssvnc/MacOSX/:/Users/michael/PICSL-Dev/bin:/Users/michael/bin/
10 verbose lifecycle @~deploy: CWD: /Users/michael/Box Sync/Penn/MES/700-006-Procedural-Gfx-Spr-2017/final_project/milestone-submission/FinalProject
11 silly lifecycle @~deploy: Args: [ '-c', 'gh-pages-deploy' ]
12 silly lifecycle @~deploy: Returned: code: 1  signal: null
13 info lifecycle @~deploy: Failed to exec deploy script
14 verbose stack Error: @ deploy: `gh-pages-deploy`
14 verbose stack Exit status 1
14 verbose stack     at EventEmitter.<anonymous> (/usr/local/lib/node_modules/npm/lib/utils/lifecycle.js:255:16)
14 verbose stack     at emitTwo (events.js:106:13)
14 verbose stack     at EventEmitter.emit (events.js:191:7)
14 verbose stack     at ChildProcess.<anonymous> (/usr/local/lib/node_modules/npm/lib/utils/spawn.js:40:14)
14 verbose stack     at emitTwo (events.js:106:13)
14 verbose stack     at ChildProcess.emit (events.js:191:7)
14 verbose stack     at maybeClose (internal/child_process.js:877:16)
14 verbose stack     at Process.ChildProcess._handle.onexit (internal/child_process.js:226:5)
15 verbose pkgid @
16 verbose cwd /Users/michael/Box Sync/Penn/MES/700-006-Procedural-Gfx-Spr-2017/final_project/milestone-submission/FinalProject
17 error Darwin 14.5.0
18 error argv "/usr/local/bin/node" "/usr/local/bin/npm" "run" "deploy"
19 error node v6.9.4
20 error npm  v3.10.10
21 error code ELIFECYCLE
22 error @ deploy: `gh-pages-deploy`
22 error Exit status 1
23 error Failed at the @ deploy script 'gh-pages-deploy'.
23 error Make sure you have the latest version of node.js and npm installed.
23 error If you do, this is most likely a problem with the  package,
23 error not with npm itself.
23 error Tell the author that this fails on your system:
23 error     gh-pages-deploy
23 error You can get information on how to open an issue for this project with:
23 error     npm bugs
23 error Or if that isn't available, you can get their info via:
23 error     npm owner ls
23 error There is likely additional logging output above.
24 verbose exit [ 1, true ]
